<?xml version="1.0" encoding="UTF-8"?>
<testng-results skipped="0" failed="0" ignored="0" total="1" passed="1">
  <reporter-output>
  </reporter-output>
  <suite name="Default suite" duration-ms="52476" started-at="2019-10-09T01:39:29 IST" finished-at="2019-10-09T01:40:21 IST">
    <groups>
    </groups>
    <test name="Default test" duration-ms="52476" started-at="2019-10-09T01:39:29 IST" finished-at="2019-10-09T01:40:21 IST">
      <class name="testcases.DiscoveryVideoValidation">
        <test-method status="PASS" signature="DiverSetup()[pri:0, instance:testcases.DiscoveryVideoValidation@2b552920]" name="DiverSetup" is-config="true" duration-ms="8315" started-at="2019-10-09T01:39:29 IST" finished-at="2019-10-09T01:39:37 IST">
          <reporter-output>
          </reporter-output>
        </test-method> <!-- DiverSetup -->
        <test-method status="PASS" signature="VideoValidation()[pri:0, instance:testcases.DiscoveryVideoValidation@2b552920]" name="VideoValidation" duration-ms="42976" started-at="2019-10-09T01:39:37 IST" finished-at="2019-10-09T01:40:20 IST">
          <reporter-output>
          </reporter-output>
        </test-method> <!-- VideoValidation -->
        <test-method status="PASS" signature="release()[pri:0, instance:testcases.DiscoveryVideoValidation@2b552920]" name="release" is-config="true" duration-ms="1132" started-at="2019-10-09T01:40:20 IST" finished-at="2019-10-09T01:40:21 IST">
          <reporter-output>
          </reporter-output>
        </test-method> <!-- release -->
      </class> <!-- testcases.DiscoveryVideoValidation -->
    </test> <!-- Default test -->
  </suite> <!-- Default suite -->
</testng-results>
